<?xml version="1.0" encoding="UTF-8"?>
<testng-results ignored="0" total="2" passed="2" failed="0" skipped="0">
  <reporter-output>
  </reporter-output>
  <suite started-at="2022-09-06T18:44:46 IST" name="Default suite" finished-at="2022-09-06T18:45:55 IST" duration-ms="68996">
    <groups>
      <group name="cucumber">
        <method signature="AbstractTestNGCucumberTests.runScenario(io.cucumber.testng.PickleWrapper, io.cucumber.testng.FeatureWrapper)[pri:0, instance:runclass2.amazonrunner@2df9b86]" name="runScenario" class="io.cucumber.testng.AbstractTestNGCucumberTests"/>
      </group> <!-- cucumber -->
    </groups>
    <test started-at="2022-09-06T18:44:46 IST" name="Default test" finished-at="2022-09-06T18:45:55 IST" duration-ms="68996">
      <class name="runclass2.amazonrunner">
        <test-method is-config="true" signature="setUpClass()[pri:0, instance:runclass2.amazonrunner@2df9b86]" started-at="2022-09-06T18:44:46 IST" name="setUpClass" finished-at="2022-09-06T18:44:48 IST" duration-ms="1329" status="PASS">
          <reporter-output>
          </reporter-output>
        </test-method> <!-- setUpClass -->
        <test-method is-config="true" signature="setup()[pri:0, instance:runclass2.amazonrunner@2df9b86]" started-at="2022-09-06T18:44:48 IST" name="setup" finished-at="2022-09-06T18:44:59 IST" duration-ms="11526" status="PASS">
          <reporter-output>
          </reporter-output>
        </test-method> <!-- setup -->
        <test-method signature="runScenario(io.cucumber.testng.PickleWrapper, io.cucumber.testng.FeatureWrapper)[pri:0, instance:runclass2.amazonrunner@2df9b86]" started-at="2022-09-06T18:44:59 IST" name="runScenario" description="Runs Cucumber Scenarios" data-provider="scenarios" finished-at="2022-09-06T18:45:52 IST" duration-ms="53048" status="PASS">
          <params>
            <param index="0">
              <value>
                <![CDATA["amazon add wishlist"]]>
              </value>
            </param>
            <param index="1">
              <value>
                <![CDATA["Optional[amazon add to wishlist perfomance]"]]>
              </value>
            </param>
          </params>
          <reporter-output>
          </reporter-output>
        </test-method> <!-- runScenario -->
        <test-method signature="testclass()[pri:0, instance:runclass2.amazonrunner@2df9b86]" started-at="2022-09-06T18:45:52 IST" name="testclass" finished-at="2022-09-06T18:45:52 IST" duration-ms="0" status="PASS">
          <reporter-output>
          </reporter-output>
        </test-method> <!-- testclass -->
        <test-method is-config="true" signature="tearDownClass()[pri:0, instance:runclass2.amazonrunner@2df9b86]" started-at="2022-09-06T18:45:52 IST" name="tearDownClass" finished-at="2022-09-06T18:45:55 IST" duration-ms="2945" status="PASS">
          <reporter-output>
          </reporter-output>
        </test-method> <!-- tearDownClass -->
        <test-method is-config="true" signature="tearDown()[pri:0, instance:runclass2.amazonrunner@2df9b86]" started-at="2022-09-06T18:45:52 IST" name="tearDown" finished-at="2022-09-06T18:45:52 IST" duration-ms="0" status="PASS">
          <reporter-output>
          </reporter-output>
        </test-method> <!-- tearDown -->
      </class> <!-- runclass2.amazonrunner -->
    </test> <!-- Default test -->
  </suite> <!-- Default suite -->
</testng-results>
